ffmpeg version 4.3.1-2020-10-01-essentials_build-www.gyan.dev Copyright (c) 2000-2020 the FFmpeg developers
  built with gcc 10.2.0 (Rev3, Built by MSYS2 project)
  configuration: --enable-gpl --enable-version3 --enable-static --disable-w32threads --disable-autodetect --enable-fontconfig --enable-iconv --enable-gnutls --enable-libxml2 --enable-gmp --enable-lzma --enable-zlib --enable-libsrt --enable-libssh --enable-libzmq --enable-avisynth --enable-sdl2 --enable-libwebp --enable-libx264 --enable-libx265 --enable-libxvid --enable-libaom --enable-libopenjpeg --enable-libvpx --enable-libass --enable-libfreetype --enable-libfribidi --enable-libvidstab --enable-libvmaf --enable-libzimg --enable-amf --enable-cuda-llvm --enable-cuvid --enable-ffnvcodec --enable-nvdec --enable-nvenc --enable-d3d11va --enable-dxva2 --enable-libmfx --enable-libgme --enable-libopenmpt --enable-libopencore-amrwb --enable-libmp3lame --enable-libtheora --enable-libvo-amrwbenc --enable-libgsm --enable-libopencore-amrnb --enable-libopus --enable-libspeex --enable-libvorbis --enable-librubberband
  libavutil      56. 51.100 / 56. 51.100
  libavcodec     58. 91.100 / 58. 91.100
  libavformat    58. 45.100 / 58. 45.100
  libavdevice    58. 10.100 / 58. 10.100
  libavfilter     7. 85.100 /  7. 85.100
  libswscale      5.  7.100 /  5.  7.100
  libswresample   3.  7.100 /  3.  7.100
  libpostproc    55.  7.100 / 55.  7.100
Splitting the commandline.
Reading option '-v' ... matched as option 'v' (set logging level) with argument 'debug'.
Reading option '-nostdin' ... matched as option 'stdin' (enable or disable interaction on standard input) with argument 0.
Reading option '-progress' ... matched as option 'progress' (write program-readable progress information) with argument 'C:/Users/Weitong's Laptop/AppData/Local/Temp/KritaFFmpegProgress.HZHgmH'.
Reading option '-r' ... matched as option 'r' (set frame rate (Hz value, fraction or abbreviation)) with argument '10'.
Reading option '-start_number' ... matched as AVOption 'start_number' with argument '0'.
Reading option '-i' ... matched as input url with argument 'C:/Users/Weitong's Laptop/Documents/Wonton's Rat Stuff/temporary files/arrangement/stretch%04d.png'.
Reading option '-vf' ... matched as option 'vf' (set video filters) with argument 'palettegen'.
Reading option '-y' ... matched as option 'y' (overwrite output files) with argument '1'.
Reading option 'C:/Users/Weitong's Laptop/Documents/Wonton's Rat Stuff/temporary files/arrangement/palette.png' ... matched as output url.
Finished splitting the commandline.
Parsing a group of options: global .
Applying option v (set logging level) with argument debug.
Applying option nostdin (enable or disable interaction on standard input) with argument 0.
Applying option progress (write program-readable progress information) with argument C:/Users/Weitong's Laptop/AppData/Local/Temp/KritaFFmpegProgress.HZHgmH.
[file @ 000001f4f280dcc0] Setting default whitelist 'file,crypto,data'
Applying option y (overwrite output files) with argument 1.
Successfully parsed a group of options.
Parsing a group of options: input url C:/Users/Weitong's Laptop/Documents/Wonton's Rat Stuff/temporary files/arrangement/stretch%04d.png.
Applying option r (set frame rate (Hz value, fraction or abbreviation)) with argument 10.
Successfully parsed a group of options.
Opening an input file: C:/Users/Weitong's Laptop/Documents/Wonton's Rat Stuff/temporary files/arrangement/stretch%04d.png.
[image2 @ 000001f4f284dfc0] Opening 'C:/Users/Weitong's Laptop/Documents/Wonton's Rat Stuff/temporary files/arrangement/stretch0000.png' for reading
[file @ 000001f4f28516c0] Setting default whitelist 'file,crypto,data'
[AVIOContext @ 000001f4f2859880] Statistics: 18751 bytes read, 0 seeks
[image2 @ 000001f4f284dfc0] Opening 'C:/Users/Weitong's Laptop/Documents/Wonton's Rat Stuff/temporary files/arrangement/stretch0001.png' for reading
[file @ 000001f4f285e540] Setting default whitelist 'file,crypto,data'
[AVIOContext @ 000001f4f2859700] Statistics: 19852 bytes read, 0 seeks
[image2 @ 000001f4f284dfc0] Opening 'C:/Users/Weitong's Laptop/Documents/Wonton's Rat Stuff/temporary files/arrangement/stretch0002.png' for reading
[file @ 000001f4f285e540] Setting default whitelist 'file,crypto,data'
[AVIOContext @ 000001f4f285e700] Statistics: 20295 bytes read, 0 seeks
[image2 @ 000001f4f284dfc0] Opening 'C:/Users/Weitong's Laptop/Documents/Wonton's Rat Stuff/temporary files/arrangement/stretch0003.png' for reading
[file @ 000001f4f285e600] Setting default whitelist 'file,crypto,data'
[AVIOContext @ 000001f4f285e940] Statistics: 20957 bytes read, 0 seeks
[image2 @ 000001f4f284dfc0] Opening 'C:/Users/Weitong's Laptop/Documents/Wonton's Rat Stuff/temporary files/arrangement/stretch0004.png' for reading
[file @ 000001f4f285e600] Setting default whitelist 'file,crypto,data'
[AVIOContext @ 000001f4f285eb00] Statistics: 20913 bytes read, 0 seeks
[image2 @ 000001f4f284dfc0] Opening 'C:/Users/Weitong's Laptop/Documents/Wonton's Rat Stuff/temporary files/arrangement/stretch0005.png' for reading
[file @ 000001f4f285e600] Setting default whitelist 'file,crypto,data'
[AVIOContext @ 000001f4f285ecc0] Statistics: 20448 bytes read, 0 seeks
[image2 @ 000001f4f284dfc0] Opening 'C:/Users/Weitong's Laptop/Documents/Wonton's Rat Stuff/temporary files/arrangement/stretch0006.png' for reading
[file @ 000001f4f28bf940] Setting default whitelist 'file,crypto,data'
[AVIOContext @ 000001f4f28bfa80] Statistics: 20711 bytes read, 0 seeks
[image2 @ 000001f4f284dfc0] Opening 'C:/Users/Weitong's Laptop/Documents/Wonton's Rat Stuff/temporary files/arrangement/stretch0007.png' for reading
[file @ 000001f4f28bfa00] Setting default whitelist 'file,crypto,data'
[AVIOContext @ 000001f4f28c55c0] Statistics: 20470 bytes read, 0 seeks
[image2 @ 000001f4f284dfc0] Opening 'C:/Users/Weitong's Laptop/Documents/Wonton's Rat Stuff/temporary files/arrangement/stretch0008.png' for reading
[file @ 000001f4f28c55c0] Setting default whitelist 'file,crypto,data'
[AVIOContext @ 000001f4f285ecc0] Statistics: 21219 bytes read, 0 seeks
[image2 @ 000001f4f284dfc0] Opening 'C:/Users/Weitong's Laptop/Documents/Wonton's Rat Stuff/temporary files/arrangement/stretch0009.png' for reading
[file @ 000001f4f285ecc0] Setting default whitelist 'file,crypto,data'
[AVIOContext @ 000001f4f285fe80] Statistics: 20810 bytes read, 0 seeks
[image2 @ 000001f4f284dfc0] Opening 'C:/Users/Weitong's Laptop/Documents/Wonton's Rat Stuff/temporary files/arrangement/stretch0010.png' for reading
[file @ 000001f4f285fe80] Setting default whitelist 'file,crypto,data'
[AVIOContext @ 000001f4f285ffc0] Statistics: 19183 bytes read, 0 seeks
[image2 @ 000001f4f284dfc0] Opening 'C:/Users/Weitong's Laptop/Documents/Wonton's Rat Stuff/temporary files/arrangement/stretch0011.png' for reading
[file @ 000001f4f2859500] Setting default whitelist 'file,crypto,data'
[AVIOContext @ 000001f4f2859640] Statistics: 18678 bytes read, 0 seeks
[image2 @ 000001f4f284dfc0] Opening 'C:/Users/Weitong's Laptop/Documents/Wonton's Rat Stuff/temporary files/arrangement/stretch0012.png' for reading
[file @ 000001f4f2859500] Setting default whitelist 'file,crypto,data'
[AVIOContext @ 000001f4f2859640] Statistics: 18421 bytes read, 0 seeks
[image2 @ 000001f4f284dfc0] Opening 'C:/Users/Weitong's Laptop/Documents/Wonton's Rat Stuff/temporary files/arrangement/stretch0013.png' for reading
[file @ 000001f4f2859500] Setting default whitelist 'file,crypto,data'
[AVIOContext @ 000001f4f2859640] Statistics: 18934 bytes read, 0 seeks
[image2 @ 000001f4f284dfc0] Opening 'C:/Users/Weitong's Laptop/Documents/Wonton's Rat Stuff/temporary files/arrangement/stretch0014.png' for reading
[file @ 000001f4f2859500] Setting default whitelist 'file,crypto,data'
[AVIOContext @ 000001f4f2859640] Statistics: 18775 bytes read, 0 seeks
[image2 @ 000001f4f284dfc0] Opening 'C:/Users/Weitong's Laptop/Documents/Wonton's Rat Stuff/temporary files/arrangement/stretch0015.png' for reading
[file @ 000001f4f2859500] Setting default whitelist 'file,crypto,data'
[AVIOContext @ 000001f4f2859640] Statistics: 18665 bytes read, 0 seeks
[image2 @ 000001f4f284dfc0] Opening 'C:/Users/Weitong's Laptop/Documents/Wonton's Rat Stuff/temporary files/arrangement/stretch0016.png' for reading
[file @ 000001f4f2859500] Setting default whitelist 'file,crypto,data'
[AVIOContext @ 000001f4f2859640] Statistics: 18548 bytes read, 0 seeks
[image2 @ 000001f4f284dfc0] Opening 'C:/Users/Weitong's Laptop/Documents/Wonton's Rat Stuff/temporary files/arrangement/stretch0017.png' for reading
[file @ 000001f4f2859500] Setting default whitelist 'file,crypto,data'
[AVIOContext @ 000001f4f2859640] Statistics: 18244 bytes read, 0 seeks
[image2 @ 000001f4f284dfc0] Opening 'C:/Users/Weitong's Laptop/Documents/Wonton's Rat Stuff/temporary files/arrangement/stretch0018.png' for reading
[file @ 000001f4f2859500] Setting default whitelist 'file,crypto,data'
[AVIOContext @ 000001f4f2859640] Statistics: 18219 bytes read, 0 seeks
[image2 @ 000001f4f284dfc0] Opening 'C:/Users/Weitong's Laptop/Documents/Wonton's Rat Stuff/temporary files/arrangement/stretch0019.png' for reading
[file @ 000001f4f2859500] Setting default whitelist 'file,crypto,data'
[AVIOContext @ 000001f4f2859640] Statistics: 18146 bytes read, 0 seeks
[image2 @ 000001f4f284dfc0] Opening 'C:/Users/Weitong's Laptop/Documents/Wonton's Rat Stuff/temporary files/arrangement/stretch0020.png' for reading
[file @ 000001f4f2c3fe80] Setting default whitelist 'file,crypto,data'
[AVIOContext @ 000001f4f2859500] Statistics: 18077 bytes read, 0 seeks
[image2 @ 000001f4f284dfc0] Opening 'C:/Users/Weitong's Laptop/Documents/Wonton's Rat Stuff/temporary files/arrangement/stretch0021.png' for reading
[file @ 000001f4f2c3fe80] Setting default whitelist 'file,crypto,data'
[AVIOContext @ 000001f4f2859500] Statistics: 18113 bytes read, 0 seeks
[image2 @ 000001f4f284dfc0] Opening 'C:/Users/Weitong's Laptop/Documents/Wonton's Rat Stuff/temporary files/arrangement/stretch0022.png' for reading
[file @ 000001f4f2c3fe80] Setting default whitelist 'file,crypto,data'
[AVIOContext @ 000001f4f2859500] Statistics: 17991 bytes read, 0 seeks
Input #0, image2, from 'C:/Users/Weitong's Laptop/Documents/Wonton's Rat Stuff/temporary files/arrangement/stretch%04d.png':
  Duration: 00:00:00.92, start: 0.000000, bitrate: N/A
    Stream #0:0, 23, 1/25: Video: png, 1 reference frame, rgba(pc), 200x300 [SAR 2834:2834 DAR 2:3], 0/1, 25 fps, 25 tbr, 25 tbn, 25 tbc
Successfully opened the file.
Parsing a group of options: output url C:/Users/Weitong's Laptop/Documents/Wonton's Rat Stuff/temporary files/arrangement/palette.png.
Applying option vf (set video filters) with argument palettegen.
Successfully parsed a group of options.
Opening an output file: C:/Users/Weitong's Laptop/Documents/Wonton's Rat Stuff/temporary files/arrangement/palette.png.
Successfully opened the file.
detected 8 logical cores
Stream mapping:
  Stream #0:0 -> #0:0 (png (native) -> png (native))
cur_dts is invalid st:0 (0) [init:0 i_done:0 finish:0] (this is harmless if it occurs once at the start per stream)
    Last message repeated 8 times
[graph 0 input from stream 0:0 @ 000001f4f28ab2c0] Setting 'video_size' to value '200x300'
[graph 0 input from stream 0:0 @ 000001f4f28ab2c0] Setting 'pix_fmt' to value '26'
[graph 0 input from stream 0:0 @ 000001f4f28ab2c0] Setting 'time_base' to value '1/10'
[graph 0 input from stream 0:0 @ 000001f4f28ab2c0] Setting 'pixel_aspect' to value '2834/2834'
[graph 0 input from stream 0:0 @ 000001f4f28ab2c0] Setting 'frame_rate' to value '10/1'
[graph 0 input from stream 0:0 @ 000001f4f28ab2c0] w:200 h:300 pixfmt:rgba tb:1/10 fr:10/1 sar:2834/2834
[format @ 000001f4f285e8c0] Setting 'pix_fmts' to value 'rgb24|rgba|rgb48be|rgba64be|pal8|gray|ya8|gray16be|ya16be|monob'
[auto_scaler_0 @ 000001f4f285ea80] Setting 'flags' to value 'bicubic'
[auto_scaler_0 @ 000001f4f285ea80] w:iw h:ih flags:'bicubic' interl:0
[Parsed_palettegen_0 @ 000001f4f0f074c0] auto-inserting filter 'auto_scaler_0' between the filter 'graph 0 input from stream 0:0' and the filter 'Parsed_palettegen_0'
[auto_scaler_1 @ 000001f4f2883940] Setting 'flags' to value 'bicubic'
[auto_scaler_1 @ 000001f4f2883940] w:iw h:ih flags:'bicubic' interl:0
[format @ 000001f4f285e8c0] auto-inserting filter 'auto_scaler_1' between the filter 'Parsed_palettegen_0' and the filter 'format'
[AVFilterGraph @ 000001f4f2c1fd00] query_formats: 4 queried, 1 merged, 2 already done, 0 delayed
[auto_scaler_1 @ 000001f4f2883940] picking rgba out of 10 ref:bgra alpha:1
[swscaler @ 000001f4f2f0e000] Forcing full internal H chroma due to input having non subsampled chroma
[auto_scaler_0 @ 000001f4f285ea80] w:200 h:300 fmt:rgba sar:2834/2834 -> w:200 h:300 fmt:bgra sar:1/1 flags:0x4
[swscaler @ 000001f4f2f1af40] Forcing full internal H chroma due to input having non subsampled chroma
[auto_scaler_1 @ 000001f4f2883940] w:16 h:16 fmt:bgra sar:1/1 -> w:16 h:16 fmt:rgba sar:1/1 flags:0x4
Output #0, image2, to 'C:/Users/Weitong's Laptop/Documents/Wonton's Rat Stuff/temporary files/arrangement/palette.png':
  Metadata:
    encoder         : Lavf58.45.100
    Stream #0:0, 0, 1/10: Video: png, 1 reference frame, rgba, 16x16 [SAR 1:1 DAR 1:1], 0/1, q=2-31, 200 kb/s, 10 fps, 10 tbn, 10 tbc
    Metadata:
      encoder         : Lavc58.91.100 png
cur_dts is invalid st:0 (0) [init:1 i_done:0 finish:0] (this is harmless if it occurs once at the start per stream)
    Last message repeated 22 times
[Parsed_palettegen_0 @ 000001f4f0f074c0] 255(+1) colors generated out of 2032 colors; ratio=0.125492
cur_dts is invalid st:0 (0) [init:1 i_done:0 finish:0] (this is harmless if it occurs once at the start per stream)
Clipping frame in rate conversion by 0.000008
cur_dts is invalid st:0 (0) [init:1 i_done:0 finish:0] (this is harmless if it occurs once at the start per stream)
[out_0_0 @ 000001f4f2887080] EOF on sink link out_0_0:default.
No more output streams to write to, finishing.
[image2 @ 000001f4f2c4df80] Opening 'C:/Users/Weitong's Laptop/Documents/Wonton's Rat Stuff/temporary files/arrangement/palette.png' for writing
[file @ 000001f4f28597c0] Setting default whitelist 'file,crypto,data'
[AVIOContext @ 000001f4f2884640] Statistics: 0 seeks, 1 writeouts
frame=    1 fps=0.0 q=-0.0 Lsize=N/A time=00:00:00.10 bitrate=N/A speed=6.09x    
[AVIOContext @ 000001f4f284de80] Statistics: 0 seeks, 1 writeouts
video:1kB audio:0kB subtitle:0kB other streams:0kB global headers:0kB muxing overhead: unknown
Input file #0 (C:/Users/Weitong's Laptop/Documents/Wonton's Rat Stuff/temporary files/arrangement/stretch%04d.png):
  Input stream #0:0 (video): 23 packets read (444420 bytes); 23 frames decoded; 
  Total: 23 packets (444420 bytes) demuxed
Output file #0 (C:/Users/Weitong's Laptop/Documents/Wonton's Rat Stuff/temporary files/arrangement/palette.png):
  Output stream #0:0 (video): 1 frames encoded; 1 packets muxed (958 bytes); 
  Total: 1 packets (958 bytes) muxed
23 frames successfully decoded, 0 decoding errors
