ffmpeg version 4.3.1-2020-10-01-essentials_build-www.gyan.dev Copyright (c) 2000-2020 the FFmpeg developers
  built with gcc 10.2.0 (Rev3, Built by MSYS2 project)
  configuration: --enable-gpl --enable-version3 --enable-static --disable-w32threads --disable-autodetect --enable-fontconfig --enable-iconv --enable-gnutls --enable-libxml2 --enable-gmp --enable-lzma --enable-zlib --enable-libsrt --enable-libssh --enable-libzmq --enable-avisynth --enable-sdl2 --enable-libwebp --enable-libx264 --enable-libx265 --enable-libxvid --enable-libaom --enable-libopenjpeg --enable-libvpx --enable-libass --enable-libfreetype --enable-libfribidi --enable-libvidstab --enable-libvmaf --enable-libzimg --enable-amf --enable-cuda-llvm --enable-cuvid --enable-ffnvcodec --enable-nvdec --enable-nvenc --enable-d3d11va --enable-dxva2 --enable-libmfx --enable-libgme --enable-libopenmpt --enable-libopencore-amrwb --enable-libmp3lame --enable-libtheora --enable-libvo-amrwbenc --enable-libgsm --enable-libopencore-amrnb --enable-libopus --enable-libspeex --enable-libvorbis --enable-librubberband
  libavutil      56. 51.100 / 56. 51.100
  libavcodec     58. 91.100 / 58. 91.100
  libavformat    58. 45.100 / 58. 45.100
  libavdevice    58. 10.100 / 58. 10.100
  libavfilter     7. 85.100 /  7. 85.100
  libswscale      5.  7.100 /  5.  7.100
  libswresample   3.  7.100 /  3.  7.100
  libpostproc    55.  7.100 / 55.  7.100
Splitting the commandline.
Reading option '-v' ... matched as option 'v' (set logging level) with argument 'debug'.
Reading option '-nostdin' ... matched as option 'stdin' (enable or disable interaction on standard input) with argument 0.
Reading option '-progress' ... matched as option 'progress' (write program-readable progress information) with argument 'C:/Users/Weitong's Laptop/AppData/Local/Temp/KritaFFmpegProgress.JYWBGN'.
Reading option '-r' ... matched as option 'r' (set frame rate (Hz value, fraction or abbreviation)) with argument '10'.
Reading option '-start_number' ... matched as AVOption 'start_number' with argument '0'.
Reading option '-i' ... matched as input url with argument 'C:/Users/Weitong's Laptop/Documents/Wonton's Rat Stuff/temporary files/arrangement/stretch%04d.png'.
Reading option '-i' ... matched as input url with argument 'C:/Users/Weitong's Laptop/Documents/Wonton's Rat Stuff/temporary files/arrangement/palette.png'.
Reading option '-lavfi' ... matched as option 'lavfi' (create a complex filtergraph) with argument '[0:v][1:v] paletteuse'.
Reading option '-y' ... matched as option 'y' (overwrite output files) with argument '1'.
Reading option 'C:/Users/Weitong's Laptop/Documents/Wonton's Rat Stuff/temporary files/arrangement/stretch.gif' ... matched as output url.
Finished splitting the commandline.
Parsing a group of options: global .
Applying option v (set logging level) with argument debug.
Applying option nostdin (enable or disable interaction on standard input) with argument 0.
Applying option progress (write program-readable progress information) with argument C:/Users/Weitong's Laptop/AppData/Local/Temp/KritaFFmpegProgress.JYWBGN.
[file @ 0000019ea7ffdd80] Setting default whitelist 'file,crypto,data'
Applying option lavfi (create a complex filtergraph) with argument [0:v][1:v] paletteuse.
Applying option y (overwrite output files) with argument 1.
Successfully parsed a group of options.
Parsing a group of options: input url C:/Users/Weitong's Laptop/Documents/Wonton's Rat Stuff/temporary files/arrangement/stretch%04d.png.
Applying option r (set frame rate (Hz value, fraction or abbreviation)) with argument 10.
Successfully parsed a group of options.
Opening an input file: C:/Users/Weitong's Laptop/Documents/Wonton's Rat Stuff/temporary files/arrangement/stretch%04d.png.
[image2 @ 0000019ea803e180] Opening 'C:/Users/Weitong's Laptop/Documents/Wonton's Rat Stuff/temporary files/arrangement/stretch0000.png' for reading
[file @ 0000019ea8042940] Setting default whitelist 'file,crypto,data'
[AVIOContext @ 0000019ea804aac0] Statistics: 18751 bytes read, 0 seeks
[image2 @ 0000019ea803e180] Opening 'C:/Users/Weitong's Laptop/Documents/Wonton's Rat Stuff/temporary files/arrangement/stretch0001.png' for reading
[file @ 0000019ea808f6c0] Setting default whitelist 'file,crypto,data'
[AVIOContext @ 0000019ea804a980] Statistics: 19852 bytes read, 0 seeks
[image2 @ 0000019ea803e180] Opening 'C:/Users/Weitong's Laptop/Documents/Wonton's Rat Stuff/temporary files/arrangement/stretch0002.png' for reading
[file @ 0000019ea8094600] Setting default whitelist 'file,crypto,data'
[AVIOContext @ 0000019ea804f700] Statistics: 20295 bytes read, 0 seeks
[image2 @ 0000019ea803e180] Opening 'C:/Users/Weitong's Laptop/Documents/Wonton's Rat Stuff/temporary files/arrangement/stretch0003.png' for reading
[file @ 0000019ea804f8c0] Setting default whitelist 'file,crypto,data'
[AVIOContext @ 0000019ea804fa00] Statistics: 20957 bytes read, 0 seeks
[image2 @ 0000019ea803e180] Opening 'C:/Users/Weitong's Laptop/Documents/Wonton's Rat Stuff/temporary files/arrangement/stretch0004.png' for reading
[file @ 0000019ea804f8c0] Setting default whitelist 'file,crypto,data'
[AVIOContext @ 0000019ea804fa00] Statistics: 20913 bytes read, 0 seeks
[image2 @ 0000019ea803e180] Opening 'C:/Users/Weitong's Laptop/Documents/Wonton's Rat Stuff/temporary files/arrangement/stretch0005.png' for reading
[file @ 0000019ea804f980] Setting default whitelist 'file,crypto,data'
[AVIOContext @ 0000019ea8050440] Statistics: 20448 bytes read, 0 seeks
[image2 @ 0000019ea803e180] Opening 'C:/Users/Weitong's Laptop/Documents/Wonton's Rat Stuff/temporary files/arrangement/stretch0006.png' for reading
[file @ 0000019ea8050440] Setting default whitelist 'file,crypto,data'
[AVIOContext @ 0000019ea8050540] Statistics: 20711 bytes read, 0 seeks
[image2 @ 0000019ea803e180] Opening 'C:/Users/Weitong's Laptop/Documents/Wonton's Rat Stuff/temporary files/arrangement/stretch0007.png' for reading
[file @ 0000019ea8050440] Setting default whitelist 'file,crypto,data'
[AVIOContext @ 0000019ea8050540] Statistics: 20470 bytes read, 0 seeks
[image2 @ 0000019ea803e180] Opening 'C:/Users/Weitong's Laptop/Documents/Wonton's Rat Stuff/temporary files/arrangement/stretch0008.png' for reading
[file @ 0000019ea8050500] Setting default whitelist 'file,crypto,data'
[AVIOContext @ 0000019ea8050740] Statistics: 21219 bytes read, 0 seeks
[image2 @ 0000019ea803e180] Opening 'C:/Users/Weitong's Laptop/Documents/Wonton's Rat Stuff/temporary files/arrangement/stretch0009.png' for reading
[file @ 0000019ea8050740] Setting default whitelist 'file,crypto,data'
[AVIOContext @ 0000019ea8050840] Statistics: 20810 bytes read, 0 seeks
[image2 @ 0000019ea803e180] Opening 'C:/Users/Weitong's Laptop/Documents/Wonton's Rat Stuff/temporary files/arrangement/stretch0010.png' for reading
[file @ 0000019ea80507c0] Setting default whitelist 'file,crypto,data'
[AVIOContext @ 0000019ea8050a00] Statistics: 19183 bytes read, 0 seeks
[image2 @ 0000019ea803e180] Opening 'C:/Users/Weitong's Laptop/Documents/Wonton's Rat Stuff/temporary files/arrangement/stretch0011.png' for reading
[file @ 0000019ea804a700] Setting default whitelist 'file,crypto,data'
[AVIOContext @ 0000019ea804a800] Statistics: 18678 bytes read, 0 seeks
[image2 @ 0000019ea803e180] Opening 'C:/Users/Weitong's Laptop/Documents/Wonton's Rat Stuff/temporary files/arrangement/stretch0012.png' for reading
[file @ 0000019ea804a700] Setting default whitelist 'file,crypto,data'
[AVIOContext @ 0000019ea804a800] Statistics: 18421 bytes read, 0 seeks
[image2 @ 0000019ea803e180] Opening 'C:/Users/Weitong's Laptop/Documents/Wonton's Rat Stuff/temporary files/arrangement/stretch0013.png' for reading
[file @ 0000019ea804a700] Setting default whitelist 'file,crypto,data'
[AVIOContext @ 0000019ea804a800] Statistics: 18934 bytes read, 0 seeks
[image2 @ 0000019ea803e180] Opening 'C:/Users/Weitong's Laptop/Documents/Wonton's Rat Stuff/temporary files/arrangement/stretch0014.png' for reading
[file @ 0000019ea804a700] Setting default whitelist 'file,crypto,data'
[AVIOContext @ 0000019ea804a800] Statistics: 18775 bytes read, 0 seeks
[image2 @ 0000019ea803e180] Opening 'C:/Users/Weitong's Laptop/Documents/Wonton's Rat Stuff/temporary files/arrangement/stretch0015.png' for reading
[file @ 0000019ea804a700] Setting default whitelist 'file,crypto,data'
[AVIOContext @ 0000019ea804a800] Statistics: 18665 bytes read, 0 seeks
[image2 @ 0000019ea803e180] Opening 'C:/Users/Weitong's Laptop/Documents/Wonton's Rat Stuff/temporary files/arrangement/stretch0016.png' for reading
[file @ 0000019ea804a700] Setting default whitelist 'file,crypto,data'
[AVIOContext @ 0000019ea804a800] Statistics: 18548 bytes read, 0 seeks
[image2 @ 0000019ea803e180] Opening 'C:/Users/Weitong's Laptop/Documents/Wonton's Rat Stuff/temporary files/arrangement/stretch0017.png' for reading
[file @ 0000019ea804a700] Setting default whitelist 'file,crypto,data'
[AVIOContext @ 0000019ea804a800] Statistics: 18244 bytes read, 0 seeks
[image2 @ 0000019ea803e180] Opening 'C:/Users/Weitong's Laptop/Documents/Wonton's Rat Stuff/temporary files/arrangement/stretch0018.png' for reading
[file @ 0000019ea804a700] Setting default whitelist 'file,crypto,data'
[AVIOContext @ 0000019ea804a800] Statistics: 18219 bytes read, 0 seeks
[image2 @ 0000019ea803e180] Opening 'C:/Users/Weitong's Laptop/Documents/Wonton's Rat Stuff/temporary files/arrangement/stretch0019.png' for reading
[file @ 0000019ea804a700] Setting default whitelist 'file,crypto,data'
[AVIOContext @ 0000019ea804a800] Statistics: 18146 bytes read, 0 seeks
[image2 @ 0000019ea803e180] Opening 'C:/Users/Weitong's Laptop/Documents/Wonton's Rat Stuff/temporary files/arrangement/stretch0020.png' for reading
[file @ 0000019ea804a700] Setting default whitelist 'file,crypto,data'
[AVIOContext @ 0000019ea804a800] Statistics: 18077 bytes read, 0 seeks
[image2 @ 0000019ea803e180] Opening 'C:/Users/Weitong's Laptop/Documents/Wonton's Rat Stuff/temporary files/arrangement/stretch0021.png' for reading
[file @ 0000019ea84d9dc0] Setting default whitelist 'file,crypto,data'
[AVIOContext @ 0000019ea804a700] Statistics: 18113 bytes read, 0 seeks
[image2 @ 0000019ea803e180] Opening 'C:/Users/Weitong's Laptop/Documents/Wonton's Rat Stuff/temporary files/arrangement/stretch0022.png' for reading
[file @ 0000019ea84d9dc0] Setting default whitelist 'file,crypto,data'
[AVIOContext @ 0000019ea804a700] Statistics: 17991 bytes read, 0 seeks
Input #0, image2, from 'C:/Users/Weitong's Laptop/Documents/Wonton's Rat Stuff/temporary files/arrangement/stretch%04d.png':
  Duration: 00:00:00.92, start: 0.000000, bitrate: N/A
    Stream #0:0, 23, 1/25: Video: png, 1 reference frame, rgba(pc), 200x300 [SAR 2834:2834 DAR 2:3], 0/1, 25 fps, 25 tbr, 25 tbn, 25 tbc
Successfully opened the file.
Parsing a group of options: input url C:/Users/Weitong's Laptop/Documents/Wonton's Rat Stuff/temporary files/arrangement/palette.png.
Successfully parsed a group of options.
Opening an input file: C:/Users/Weitong's Laptop/Documents/Wonton's Rat Stuff/temporary files/arrangement/palette.png.
[NULL @ 0000019ea80bbfc0] Opening 'C:/Users/Weitong's Laptop/Documents/Wonton's Rat Stuff/temporary files/arrangement/palette.png' for reading
[file @ 0000019ea804a900] Setting default whitelist 'file,crypto,data'
[png_pipe @ 0000019ea80bbfc0] Format png_pipe probed with size=2048 and score=99
[png_pipe @ 0000019ea80bbfc0] Before avformat_find_stream_info() pos: 0 bytes read:958 seeks:0 nb_streams:1
[png_pipe @ 0000019ea80bbfc0] After avformat_find_stream_info() pos: 958 bytes read:958 seeks:0 frames:1
Input #1, png_pipe, from 'C:/Users/Weitong's Laptop/Documents/Wonton's Rat Stuff/temporary files/arrangement/palette.png':
  Duration: N/A, bitrate: N/A
    Stream #1:0, 1, 1/25: Video: png, 1 reference frame, rgba(pc), 16x16 [SAR 1:1 DAR 1:1], 0/1, 25 tbr, 25 tbn, 25 tbc
Successfully opened the file.
Parsing a group of options: output url C:/Users/Weitong's Laptop/Documents/Wonton's Rat Stuff/temporary files/arrangement/stretch.gif.
Successfully parsed a group of options.
Opening an output file: C:/Users/Weitong's Laptop/Documents/Wonton's Rat Stuff/temporary files/arrangement/stretch.gif.
[file @ 0000019ea8043900] Setting default whitelist 'file,crypto,data'
Successfully opened the file.
detected 8 logical cores
Stream mapping:
  Stream #0:0 (png) -> paletteuse:default
  Stream #1:0 (png) -> paletteuse:palette
  paletteuse -> Stream #0:0 (gif)
cur_dts is invalid st:0 (0) [init:0 i_done:0 finish:0] (this is harmless if it occurs once at the start per stream)
    Last message repeated 192 times
[image2 @ 0000019ea803e180] Thread message queue blocking; consider raising the thread_queue_size option (current value: 8)
cur_dts is invalid st:0 (0) [init:0 i_done:0 finish:0] (this is harmless if it occurs once at the start per stream)
    Last message repeated 8 times
[graph 0 input from stream 0:0 @ 0000019ea8050440] Setting 'video_size' to value '200x300'
[graph 0 input from stream 0:0 @ 0000019ea8050440] Setting 'pix_fmt' to value '26'
[graph 0 input from stream 0:0 @ 0000019ea8050440] Setting 'time_base' to value '1/10'
[graph 0 input from stream 0:0 @ 0000019ea8050440] Setting 'pixel_aspect' to value '2834/2834'
[graph 0 input from stream 0:0 @ 0000019ea8050440] Setting 'frame_rate' to value '10/1'
[graph 0 input from stream 0:0 @ 0000019ea8050440] w:200 h:300 pixfmt:rgba tb:1/10 fr:10/1 sar:2834/2834
[graph 0 input from stream 1:0 @ 0000019ea8072780] Setting 'video_size' to value '16x16'
[graph 0 input from stream 1:0 @ 0000019ea8072780] Setting 'pix_fmt' to value '26'
[graph 0 input from stream 1:0 @ 0000019ea8072780] Setting 'time_base' to value '1/25'
[graph 0 input from stream 1:0 @ 0000019ea8072780] Setting 'pixel_aspect' to value '1/1'
[graph 0 input from stream 1:0 @ 0000019ea8072780] Setting 'frame_rate' to value '25/1'
[graph 0 input from stream 1:0 @ 0000019ea8072780] w:16 h:16 pixfmt:rgba tb:1/25 fr:25/1 sar:1/1
[format @ 0000019ea85f5a00] Setting 'pix_fmts' to value 'rgb8|bgr8|rgb4_byte|bgr4_byte|gray|pal8'
[auto_scaler_0 @ 0000019ea85f5b00] w:iw h:ih flags:'bilinear' interl:0
[Parsed_paletteuse_0 @ 0000019ea8698e80] auto-inserting filter 'auto_scaler_0' between the filter 'graph 0 input from stream 0:0' and the filter 'Parsed_paletteuse_0'
[auto_scaler_1 @ 0000019ea8088fc0] w:iw h:ih flags:'bilinear' interl:0
[Parsed_paletteuse_0 @ 0000019ea8698e80] auto-inserting filter 'auto_scaler_1' between the filter 'graph 0 input from stream 1:0' and the filter 'Parsed_paletteuse_0'
[AVFilterGraph @ 0000019ea8065f40] query_formats: 5 queried, 2 merged, 2 already done, 0 delayed
[swscaler @ 0000019ea8816800] Forcing full internal H chroma due to input having non subsampled chroma
[auto_scaler_0 @ 0000019ea85f5b00] w:200 h:300 fmt:rgba sar:2834/2834 -> w:200 h:300 fmt:bgra sar:1/1 flags:0x2
[swscaler @ 0000019ea8827780] Forcing full internal H chroma due to input having non subsampled chroma
[auto_scaler_1 @ 0000019ea8088fc0] w:16 h:16 fmt:rgba sar:1/1 -> w:16 h:16 fmt:bgra sar:1/1 flags:0x2
[Parsed_paletteuse_0 @ 0000019ea8698e80] [framesync @ 0000019ea8794e08] Selected 1/50 time base
[Parsed_paletteuse_0 @ 0000019ea8698e80] [framesync @ 0000019ea8794e08] Sync level 2
Output #0, gif, to 'C:/Users/Weitong's Laptop/Documents/Wonton's Rat Stuff/temporary files/arrangement/stretch.gif':
  Metadata:
    encoder         : Lavf58.45.100
    Stream #0:0, 0, 1/100: Video: gif, 1 reference frame, pal8, 200x300 [SAR 1:1 DAR 2:3], 0/1, q=2-31, 200 kb/s, 10 fps, 100 tbn, 10 tbc (default)
    Metadata:
      encoder         : Lavc58.91.100 gif
Clipping frame in rate conversion by 0.000008
[gif @ 0000019ea8042c00] 143x191 image at pos (29;98) [area:200x300]
[gif @ 0000019ea8042c00] 159x195 image at pos (22;95) [area:200x300]
[gif @ 0000019ea8042c00] 159x207 image at pos (22;83) [area:200x300]
[gif @ 0000019ea8042c00] 150x238 image at pos (28;52) [area:200x300]
[gif @ 0000019ea8042c00] 123x259 image at pos (43;31) [area:200x300]
[gif @ 0000019ea8042c00] 105x268 image at pos (50;24) [area:200x300]
[gif @ 0000019ea8042c00] 101x268 image at pos (49;24) [area:200x300]
[gif @ 0000019ea8042c00] 121x259 image at pos (42;31) [area:200x300]
[gif @ 0000019ea8042c00] 128x242 image at pos (36;46) [area:200x300]
[gif @ 0000019ea8042c00] 128x224 image at pos (36;65) [area:200x300]
[gif @ 0000019ea8042c00] 113x198 image at pos (44;91) [area:200x300]
[gif @ 0000019ea8042c00] 111x193 image at pos (46;96) [area:200x300]
[gif @ 0000019ea8042c00] 115x192 image at pos (46;99) [area:200x300]
[gif @ 0000019ea8042c00] 116x192 image at pos (45;99) [area:200x300]
[gif @ 0000019ea8042c00] 114x188 image at pos (45;101) [area:200x300]
[gif @ 0000019ea8042c00] 112x179 image at pos (47;110) [area:200x300]
[gif @ 0000019ea8042c00] 107x176 image at pos (47;113) [area:200x300]
[gif @ 0000019ea8042c00] 99x171 image at pos (53;118) [area:200x300]
[gif @ 0000019ea8042c00] 105x170 image at pos (50;119) [area:200x300]
[gif @ 0000019ea8042c00] 108x175 image at pos (47;114) [area:200x300]
[gif @ 0000019ea8042c00] 107x178 image at pos (47;111) [area:200x300]
[gif @ 0000019ea8042c00] 107x185 image at pos (47;105) [area:200x300]
[Parsed_paletteuse_0 @ 0000019ea8698e80] [framesync @ 0000019ea8794e08] Sync level 0
[out_0_0 @ 0000019ea85f5900] EOF on sink link out_0_0:default.
No more output streams to write to, finishing.
frame=   23 fps=0.0 q=-0.0 Lsize=     163kB time=00:00:02.21 bitrate= 604.8kbits/s speed=47.5x    
[AVIOContext @ 0000019ea803df00] Statistics: 0 seeks, 1 writeouts
video:163kB audio:0kB subtitle:0kB other streams:0kB global headers:0kB muxing overhead: 0.011972%
Input file #0 (C:/Users/Weitong's Laptop/Documents/Wonton's Rat Stuff/temporary files/arrangement/stretch%04d.png):
  Input stream #0:0 (video): 23 packets read (444420 bytes); 23 frames decoded; 
  Total: 23 packets (444420 bytes) demuxed
Input file #1 (C:/Users/Weitong's Laptop/Documents/Wonton's Rat Stuff/temporary files/arrangement/palette.png):
  Input stream #1:0 (video): 1 packets read (958 bytes); 1 frames decoded; 
  Total: 1 packets (958 bytes) demuxed
Output file #0 (C:/Users/Weitong's Laptop/Documents/Wonton's Rat Stuff/temporary files/arrangement/stretch.gif):
  Output stream #0:0 (video): 23 frames encoded; 23 packets muxed (167062 bytes); 
  Total: 23 packets (167062 bytes) muxed
24 frames successfully decoded, 0 decoding errors
[AVIOContext @ 0000019ea8043a00] Statistics: 0 seeks, 1 writeouts
[AVIOContext @ 0000019ea84e3b80] Statistics: 958 bytes read, 0 seeks
